Flutter crash report.
Please report a bug at https://github.com/flutter/flutter/issues.

## command

flutter run

## exception

HttpException: HttpException: Connection closed before full header was received, uri = http://localhost:57950/devtools/page/52675034ED07D18FF4EA94A6C1D6860E

```
```

## flutter doctor

```
[32m[✓][39m Flutter (Channel stable, 3.13.5, on Microsoft Windows [Version 10.0.22621.2428], locale en-PH)
    [32m•[39m Flutter version 3.13.5 on channel stable at C:\flutter
    [32m•[39m Upstream repository https://github.com/flutter/flutter.git
    [32m•[39m Framework revision 12fccda598 (8 weeks ago), 2023-09-19 13:56:11 -0700
    [32m•[39m Engine revision bd986c5ed2
    [32m•[39m Dart version 3.1.2
    [32m•[39m DevTools version 2.25.0

[32m[✓][39m Windows Version (Installed version of Windows is version 10 or higher)

[32m[✓][39m Android toolchain - develop for Android devices (Android SDK version 33.0.0)
    [32m•[39m Android SDK at C:\Users\dind6\AppData\Local\Android\sdk
    [32m•[39m Platform android-33, build-tools 33.0.0
    [32m•[39m Java binary at: C:\Program Files\Android\Android Studio\jbr\bin\java
    [32m•[39m Java version OpenJDK Runtime Environment (build 17.0.6+0-b2043.56-10027231)
    [32m•[39m All Android licenses accepted.

[32m[✓][39m Chrome - develop for the web
    [32m•[39m Chrome at C:\Program Files\Google\Chrome\Application\chrome.exe

[31m[✗][39m Visual Studio - develop Windows apps
    [31m✗[39m Visual Studio not installed; this is necessary to develop Windows apps.
      Download at https://visualstudio.microsoft.com/downloads/.
      Please install the "Desktop development with C++" workload, including all of its default
      components

[32m[✓][39m Android Studio (version 2022.3)
    [32m•[39m Android Studio at C:\Program Files\Android\Android Studio
    [32m•[39m Flutter plugin can be installed from:
      🔨 https://plugins.jetbrains.com/plugin/9212-flutter
    [32m•[39m Dart plugin can be installed from:
      🔨 https://plugins.jetbrains.com/plugin/6351-dart
    [32m•[39m Java version OpenJDK Runtime Environment (build 17.0.6+0-b2043.56-10027231)

[32m[✓][39m VS Code (version 1.84.2)
    [32m•[39m VS Code at C:\Users\dind6\AppData\Local\Programs\Microsoft VS Code
    [32m•[39m Flutter extension version 3.76.0

[32m[✓][39m Connected device (3 available)
    [32m•[39m Windows (desktop) • windows • windows-x64    • Microsoft Windows [Version 10.0.22621.2428]
    [32m•[39m Chrome (web)      • chrome  • web-javascript • Google Chrome 119.0.6045.124
    [32m•[39m Edge (web)        • edge    • web-javascript • Microsoft Edge 119.0.2151.58

[32m[✓][39m Network resources
    [32m•[39m All expected network resources are available.

[33m![39m Doctor found issues in 1 category.
```
